<?xml version="1.0" encoding="UTF-8"?>
<testng-results ignored="0" total="2" passed="2" failed="0" skipped="0">
  <reporter-output>
  </reporter-output>
  <suite started-at="2024-06-01T19:05:53 WAT" name="Suite" finished-at="2024-06-01T19:06:19 WAT" duration-ms="26294">
    <groups>
    </groups>
    <test started-at="2024-06-01T19:05:53 WAT" name="Functional Testing" finished-at="2024-06-01T19:06:19 WAT" duration-ms="26294">
      <class name="com.Testcases.LoginTestPart2">
        <test-method is-config="true" signature="createReport()[pri:0, instance:com.Testcases.LoginTestPart2@19d481b]" started-at="2024-06-01T19:05:52 WAT" name="createReport" finished-at="2024-06-01T19:05:53 WAT" duration-ms="831" status="PASS">
          <reporter-output>
          </reporter-output>
        </test-method> <!-- createReport -->
        <test-method is-config="true" signature="launchBrowser()[pri:0, instance:com.Testcases.LoginTestPart2@19d481b]" started-at="2024-06-01T19:05:53 WAT" name="launchBrowser" finished-at="2024-06-01T19:06:07 WAT" duration-ms="13828" status="PASS">
          <reporter-output>
          </reporter-output>
        </test-method> <!-- launchBrowser -->
        <test-method signature="confirmLogo()[pri:1, instance:com.Testcases.LoginTestPart2@19d481b]" started-at="2024-06-01T19:06:07 WAT" name="confirmLogo" finished-at="2024-06-01T19:06:07 WAT" duration-ms="174" status="PASS">
          <reporter-output>
          </reporter-output>
        </test-method> <!-- confirmLogo -->
        <test-method is-config="true" signature="closeBrowser(org.testng.ITestResult)[pri:0, instance:com.Testcases.LoginTestPart2@19d481b]" started-at="2024-06-01T19:06:07 WAT" name="closeBrowser" finished-at="2024-06-01T19:06:08 WAT" duration-ms="769" status="PASS">
          <params>
            <param index="0">
              <value>
                <![CDATA[[TestResult name=confirmLogo status=SUCCESS method=LoginTestPart2.confirmLogo()[pri:1, instance:com.Testcases.LoginTestPart2@19d481b] output={null}]]]>
              </value>
            </param>
          </params>
          <reporter-output>
          </reporter-output>
        </test-method> <!-- closeBrowser -->
        <test-method is-config="true" signature="launchBrowser()[pri:0, instance:com.Testcases.LoginTestPart2@19d481b]" started-at="2024-06-01T19:06:08 WAT" name="launchBrowser" finished-at="2024-06-01T19:06:17 WAT" duration-ms="8743" status="PASS">
          <reporter-output>
          </reporter-output>
        </test-method> <!-- launchBrowser -->
        <test-method signature="logDetails()[pri:2, instance:com.Testcases.LoginTestPart2@19d481b]" started-at="2024-06-01T19:06:17 WAT" name="logDetails" finished-at="2024-06-01T19:06:19 WAT" duration-ms="1938" status="PASS">
          <reporter-output>
          </reporter-output>
        </test-method> <!-- logDetails -->
        <test-method is-config="true" signature="closeBrowser(org.testng.ITestResult)[pri:0, instance:com.Testcases.LoginTestPart2@19d481b]" started-at="2024-06-01T19:06:19 WAT" name="closeBrowser" finished-at="2024-06-01T19:06:19 WAT" duration-ms="728" status="PASS">
          <params>
            <param index="0">
              <value>
                <![CDATA[[TestResult name=logDetails status=SUCCESS method=LoginTestPart2.logDetails()[pri:2, instance:com.Testcases.LoginTestPart2@19d481b] output={null}]]]>
              </value>
            </param>
          </params>
          <reporter-output>
          </reporter-output>
        </test-method> <!-- closeBrowser -->
        <test-method is-config="true" signature="closeReport()[pri:0, instance:com.Testcases.LoginTestPart2@19d481b]" started-at="2024-06-01T19:06:19 WAT" name="closeReport" finished-at="2024-06-01T19:06:20 WAT" duration-ms="907" status="PASS">
          <reporter-output>
          </reporter-output>
        </test-method> <!-- closeReport -->
      </class> <!-- com.Testcases.LoginTestPart2 -->
    </test> <!-- Functional Testing -->
  </suite> <!-- Suite -->
</testng-results>
